============================= test session starts =============================
platform win32 -- Python 3.11.9, pytest-9.1.1, pluggy-1.6.0 -- D:\Codes\SUST-hackathon-onsite\backend\venv\Scripts\python.exe
cachedir: .pytest_cache
rootdir: D:\Codes\SUST-hackathon-onsite\backend
plugins: anyio-4.14.1
collecting ... collected 53 items

tests/test_append_only.py::test_transactions_cannot_be_updated_or_deleted PASSED [  1%]
tests/test_append_only.py::test_provider_balance_snapshots_immutable PASSED [  3%]
tests/test_append_only.py::test_cash_snapshots_immutable PASSED          [  5%]
tests/test_append_only.py::test_audit_events_cannot_be_modified PASSED   [  7%]
tests/test_append_only.py::test_anomaly_evidence_cannot_be_modified PASSED [  9%]
tests/test_append_only.py::test_published_alert_analytical_fields_immutable_but_state_mutable PASSED [ 11%]
tests/test_append_only.py::test_conflicting_snapshots_coexist PASSED     [ 13%]
tests/test_append_only.py::test_rejected_ingestion_event_cannot_produce_ledger PASSED [ 15%]
tests/test_coordination.py::test_case_without_alert_rejected PASSED      [ 16%]
tests/test_coordination.py::test_legal_transition_allowed PASSED         [ 18%]
tests/test_coordination.py::test_illegal_transition_rejected PASSED      [ 20%]
tests/test_coordination.py::test_resolve_without_summary_rejected PASSED [ 22%]
tests/test_coordination.py::test_case_scope_must_match_alert PASSED      [ 24%]
tests/test_coordination.py::test_alert_requires_at_least_one_source_link PASSED [ 26%]
tests/test_coordination.py::test_explanation_requires_benign_for_combined PASSED [ 28%]
tests/test_migration_chain.py::test_required_tables_exist PASSED         [ 30%]
tests/test_migration_chain.py::test_required_views_exist PASSED          [ 32%]
tests/test_migration_chain.py::test_required_indexes_exist PASSED        [ 33%]
tests/test_migration_chain.py::test_app_helper_functions_exist PASSED    [ 35%]
tests/test_migration_chain.py::test_append_only_triggers_exist PASSED    [ 37%]
tests/test_migration_chain.py::test_rls_enabled_on_confidential_tables PASSED [ 39%]
tests/test_migration_chain.py::test_migration_history_recorded PASSED    [ 41%]
tests/test_migration_chain.py::test_reapply_is_idempotent PASSED         [ 43%]
tests/test_quality_intelligence.py::test_invalid_quality_status_rejected PASSED [ 45%]
tests/test_quality_intelligence.py::test_confidence_out_of_range_rejected PASSED [ 47%]
tests/test_quality_intelligence.py::test_negative_sample_count_rejected PASSED [ 49%]
tests/test_quality_intelligence.py::test_actionable_flag_requires_benign_context PASSED [ 50%]
tests/test_quality_intelligence.py::test_suppressed_flag_requires_suppression_reason PASSED [ 52%]
tests/test_quality_intelligence.py::test_nonpositive_burn_cannot_have_shortage PASSED [ 54%]
tests/test_quality_intelligence.py::test_provider_crossing_evidence_rejected PASSED [ 56%]
tests/test_quality_intelligence.py::test_suppressed_flag_cannot_back_anomaly_alert PASSED [ 58%]
tests/test_reserve_invariants.py::test_cash_snapshot_has_no_provider_column PASSED [ 60%]
tests/test_reserve_invariants.py::test_shared_cash_projection_rejects_provider PASSED [ 62%]
tests/test_reserve_invariants.py::test_provider_projection_requires_provider_and_account PASSED [ 64%]
tests/test_reserve_invariants.py::test_provider_projection_cross_provider_mismatch_rejected PASSED [ 66%]
tests/test_reserve_invariants.py::test_transaction_denormalized_mismatch_rejected PASSED [ 67%]
tests/test_reserve_invariants.py::test_provider_balance_mismatch_rejected PASSED [ 69%]
tests/test_reserve_invariants.py::test_dashboard_separates_reserves_and_has_no_blended_total PASSED [ 71%]
tests/test_reserve_invariants.py::test_no_total_balance_column_anywhere PASSED [ 73%]
tests/test_rls.py::test_bkash_ops_reads_only_bkash PASSED                [ 75%]
tests/test_rls.py::test_nagad_ops_cannot_read_rocket_or_bkash PASSED     [ 77%]
tests/test_rls.py::test_rocket_ops_sees_nothing_when_no_rocket_rows PASSED [ 79%]
tests/test_rls.py::test_agent_limited_to_own_outlet PASSED               [ 81%]
tests/test_rls.py::test_area_manager_limited_to_area PASSED              [ 83%]
tests/test_rls.py::test_missing_provider_scope_is_not_a_wildcard PASSED  [ 84%]
tests/test_rls.py::test_unauthorized_mutation_denied PASSED              [ 86%]
tests/test_rls.py::test_case_visibility_follows_provider_scope PASSED    [ 88%]
tests/test_views.py::test_every_view_is_queryable PASSED                 [ 90%]
tests/test_views.py::test_latest_cash_balance_is_deterministic PASSED    [ 92%]
tests/test_views.py::test_provider_balances_view_never_sums PASSED       [ 94%]
tests/test_views.py::test_dashboard_exposes_separated_reserves PASSED    [ 96%]
tests/test_views.py::test_case_timeline_is_ordered PASSED                [ 98%]
tests/test_views.py::test_validation_summary_returns_completed_metrics PASSED [100%]

============================= 53 passed in 2.71s ==============================
